2024-04-02 19:23:24,231:ERROR:bot: Не найдена точка входа в расширении: client.commands.balance
2024-04-02 19:29:38,510:ERROR:bot: Ошибка при загрузке расширения client.commands.balance: expected ':' (balance.py, line 11)
2024-04-02 22:28:28,640:ERROR:bot: Ошибка при загрузке расширения client.commands.shop: invalid syntax (shop.py, line 7)
2024-04-02 23:18:16,422:ERROR:bot: Ошибка при загрузке расширения client.commands.shop: '(' was never closed (shop.py, line 37)
2024-04-03 03:44:32,295:ERROR:bot: Не найдена точка входа в расширении: client.commands.love
2024-04-03 03:49:37,999:ERROR:bot: Не найдена точка входа в расширении: client.commands.love
2024-04-03 03:50:04,938:ERROR:bot: Не найдена точка входа в расширении: client.commands.love
2024-04-03 03:53:30,125:ERROR:bot: Не найдена точка входа в расширении: client.commands.love
2024-04-03 03:53:55,365:ERROR:bot: Не найдена точка входа в расширении: client.commands.love
2024-04-03 03:55:09,068:ERROR:bot: Не найдена точка входа в расширении: client.commands.love
2024-04-03 03:56:22,101:ERROR:bot: Не найдена точка входа в расширении: client.commands.love
2024-04-03 03:59:49,135:ERROR:bot: Не найдена точка входа в расширении: client.commands.love
2024-04-03 04:00:54,048:ERROR:bot: Не найдена точка входа в расширении: client.commands.love
2024-04-03 04:01:23,997:ERROR:bot: Не найдена точка входа в расширении: client.commands.love
2024-04-03 04:02:10,408:ERROR:bot: Не найдена точка входа в расширении: client.commands.love
2024-04-03 04:03:12,837:ERROR:bot: Не найдена точка входа в расширении: client.commands.love
2024-04-03 04:04:00,876:ERROR:bot: Не найдена точка входа в расширении: client.commands.love
2024-04-03 04:04:30,893:ERROR:bot: Не найдена точка входа в расширении: client.commands.love
2024-04-03 04:12:04,166:ERROR:bot: Не найдена точка входа в расширении: client.commands.love
2024-04-03 04:14:17,903:ERROR:bot: Не найдена точка входа в расширении: client.commands.love
2024-04-03 04:16:16,044:ERROR:bot: Не найдена точка входа в расширении: client.commands.love
2024-04-03 04:20:06,630:ERROR:bot: Не найдена точка входа в расширении: client.commands.love
2024-04-03 04:21:42,275:ERROR:bot: Не найдена точка входа в расширении: client.commands.love
2024-04-03 04:23:22,244:ERROR:bot: Не найдена точка входа в расширении: client.commands.love
2024-04-03 04:25:09,078:ERROR:bot: Не найдена точка входа в расширении: client.commands.love
2024-04-03 04:26:01,775:ERROR:bot: Не найдена точка входа в расширении: client.commands.love
2024-04-03 04:27:15,320:ERROR:bot: Не найдена точка входа в расширении: client.commands.love
2024-04-03 04:29:16,866:ERROR:bot: Не найдена точка входа в расширении: client.commands.love
2024-04-03 04:30:41,010:ERROR:bot: Не найдена точка входа в расширении: client.commands.love
2024-04-03 04:46:34,807:ERROR:bot: Не найдена точка входа в расширении: client.commands.love
2024-04-03 05:15:27,419:ERROR:bot: Не найдена точка входа в расширении: client.commands.love
2024-04-03 05:47:42,411:ERROR:bot: Не найдена точка входа в расширении: client.commands.love
2024-04-03 05:48:56,037:ERROR:bot: Не найдена точка входа в расширении: client.commands.love
2024-04-03 05:51:03,505:ERROR:bot: Не найдена точка входа в расширении: client.commands.love
2024-04-03 05:54:06,707:ERROR:bot: Не найдена точка входа в расширении: client.commands.love
2024-04-03 05:56:27,658:ERROR:bot: Не найдена точка входа в расширении: client.commands.love
2024-04-03 05:59:15,305:ERROR:bot: Не найдена точка входа в расширении: client.commands.love
2024-04-03 06:00:06,852:ERROR:bot: Не найдена точка входа в расширении: client.commands.love
2024-04-03 06:00:48,813:ERROR:bot: Не найдена точка входа в расширении: client.commands.love
2024-04-03 06:05:02,596:ERROR:bot: Не найдена точка входа в расширении: client.commands.love
2024-04-03 06:06:21,034:ERROR:bot: Не найдена точка входа в расширении: client.commands.love
2024-04-03 06:15:45,837:ERROR:bot: Не найдена точка входа в расширении: client.commands.love
2024-04-03 12:50:42,736:ERROR:bot: Не найдена точка входа в расширении: client.commands.love
2024-04-03 12:51:07,219:ERROR:bot: Не найдена точка входа в расширении: client.commands.love
2024-04-03 12:51:28,908:ERROR:bot: Не найдена точка входа в расширении: client.commands.love
2024-04-03 13:01:01,756:ERROR:bot: Не найдена точка входа в расширении: client.commands.love
2024-04-03 13:02:40,552:ERROR:bot: Не найдена точка входа в расширении: client.commands.love
2024-04-03 13:09:42,956:ERROR:bot: Не найдена точка входа в расширении: client.commands.love
2024-04-03 13:12:05,848:ERROR:bot: Не найдена точка входа в расширении: client.commands.love
2024-04-03 13:17:07,912:ERROR:bot: Не найдена точка входа в расширении: client.commands.love
2024-04-03 13:21:56,140:ERROR:bot: Не найдена точка входа в расширении: client.commands.love
2024-04-03 13:21:56,153:ERROR:bot: Ошибка при загрузке расширения client.modules.online.online: 'Online' object has no attribute 'update_online'
2024-04-03 13:22:19,933:ERROR:bot: Не найдена точка входа в расширении: client.commands.love
2024-04-03 13:53:48,897:ERROR:bot: Не найдена точка входа в расширении: client.commands.love
2024-04-03 13:55:42,377:ERROR:bot: Не найдена точка входа в расширении: client.commands.love
2024-04-03 13:56:57,404:ERROR:bot: Не найдена точка входа в расширении: client.commands.love
2024-04-03 14:01:59,498:ERROR:bot: Не найдена точка входа в расширении: client.commands.love
2024-04-03 14:02:45,149:ERROR:bot: Не найдена точка входа в расширении: client.commands.love
2024-04-03 14:05:14,875:ERROR:bot: Не найдена точка входа в расширении: client.commands.love
2024-04-03 14:33:22,997:ERROR:bot: Не найдена точка входа в расширении: client.commands.love
2024-04-03 14:35:05,964:ERROR:bot: Не найдена точка входа в расширении: client.commands.love
2024-04-03 14:37:37,707:ERROR:bot: Не найдена точка входа в расширении: client.commands.love
2024-04-03 14:38:34,865:ERROR:bot: Не найдена точка входа в расширении: client.commands.love
2024-04-03 14:41:05,432:ERROR:bot: Не найдена точка входа в расширении: client.commands.love
2024-04-03 14:41:38,584:ERROR:bot: Не найдена точка входа в расширении: client.commands.love
2024-04-03 14:41:56,086:ERROR:bot: Не найдена точка входа в расширении: client.commands.love
2024-04-03 14:42:47,556:ERROR:bot: Не найдена точка входа в расширении: client.commands.love
2024-04-03 14:45:59,027:ERROR:bot: Не найдена точка входа в расширении: client.commands.love
2024-04-03 14:47:33,789:ERROR:bot: Не найдена точка входа в расширении: client.commands.love
2024-04-03 14:48:27,512:ERROR:bot: Не найдена точка входа в расширении: client.commands.love
2024-04-03 14:50:01,900:ERROR:bot: Не найдена точка входа в расширении: client.commands.love
2024-04-03 14:53:26,076:ERROR:bot: Не найдена точка входа в расширении: client.commands.love
2024-04-03 14:54:34,105:ERROR:bot: Не найдена точка входа в расширении: client.commands.love
2024-04-03 14:55:59,369:ERROR:bot: Не найдена точка входа в расширении: client.commands.love
2024-04-03 14:57:03,929:ERROR:bot: Не найдена точка входа в расширении: client.commands.love
2024-04-03 15:30:49,923:ERROR:bot: Не найдена точка входа в расширении: client.commands.love
2024-04-03 15:31:56,476:ERROR:bot: Не найдена точка входа в расширении: client.commands.love
2024-04-03 15:40:03,909:ERROR:bot: Не найдена точка входа в расширении: client.commands.love
2024-04-03 15:41:08,266:ERROR:bot: Не найдена точка входа в расширении: client.commands.love
2024-04-03 15:52:15,629:ERROR:bot: Не найдена точка входа в расширении: client.commands.love
2024-04-03 23:34:01,347:ERROR:bot: Не найдена точка входа в расширении: client.commands.love
2024-04-03 23:42:48,257:ERROR:bot: Не найдена точка входа в расширении: client.commands.love
2024-04-03 23:48:53,708:ERROR:bot: Не найдена точка входа в расширении: client.commands.love
2024-04-03 23:54:42,141:ERROR:bot: Не найдена точка входа в расширении: client.commands.love
2024-04-03 23:54:42,155:ERROR:bot: Ошибка при загрузке расширения client.modules.marry.loveroom: expected ':' (loveroom.py, line 5)
2024-04-04 00:00:58,937:ERROR:bot: Не найдена точка входа в расширении: client.commands.love
2024-04-04 00:03:01,976:ERROR:bot: Не найдена точка входа в расширении: client.commands.love
2024-04-04 00:11:03,902:ERROR:bot: Не найдена точка входа в расширении: client.commands.love
2024-04-04 00:20:52,991:ERROR:bot: Не найдена точка входа в расширении: client.commands.love
2024-04-04 00:22:04,150:ERROR:bot: Не найдена точка входа в расширении: client.commands.love
2024-04-04 00:22:50,663:ERROR:bot: Не найдена точка входа в расширении: client.commands.love
2024-04-04 00:26:22,468:ERROR:bot: Не найдена точка входа в расширении: client.commands.love
2024-04-04 00:37:40,676:ERROR:bot: Не найдена точка входа в расширении: client.commands.love
2024-04-04 00:41:21,526:ERROR:bot: Не найдена точка входа в расширении: client.commands.love
2024-04-04 00:42:22,751:ERROR:bot: Не найдена точка входа в расширении: client.commands.love
2024-04-04 00:43:03,412:ERROR:bot: Не найдена точка входа в расширении: client.commands.love
2024-04-04 00:44:44,221:ERROR:bot: Не найдена точка входа в расширении: client.commands.love
2024-04-04 00:45:09,885:ERROR:bot: Не найдена точка входа в расширении: client.commands.love
2024-04-04 00:47:13,530:ERROR:bot: Не найдена точка входа в расширении: client.commands.love
2024-04-04 00:47:44,567:ERROR:bot: Не найдена точка входа в расширении: client.commands.love
2024-04-04 00:54:49,616:ERROR:bot: Не найдена точка входа в расширении: client.commands.love
2024-04-04 01:07:57,500:ERROR:bot: Не найдена точка входа в расширении: client.commands.love
2024-04-04 01:10:54,250:ERROR:bot: Не найдена точка входа в расширении: client.commands.love
2024-04-04 01:37:21,704:ERROR:bot: Не найдена точка входа в расширении: client.commands.love
2024-04-04 01:37:59,687:ERROR:bot: Не найдена точка входа в расширении: client.commands.love
2024-04-04 01:38:20,710:ERROR:bot: Не найдена точка входа в расширении: client.commands.love
2024-04-04 01:49:01,040:ERROR:bot: Не найдена точка входа в расширении: client.commands.love
2024-04-04 01:49:27,995:ERROR:bot: Не найдена точка входа в расширении: client.commands.love
2024-04-04 01:50:08,468:ERROR:bot: Не найдена точка входа в расширении: client.commands.love
2024-04-04 01:52:13,441:ERROR:bot: Не найдена точка входа в расширении: client.commands.love
2024-04-04 02:19:36,835:ERROR:bot: Не найдена точка входа в расширении: client.commands.love
2024-04-04 02:25:02,994:ERROR:bot: Не найдена точка входа в расширении: client.commands.love
2024-04-03 20:18:27,112:ERROR:bot: РќРµ РЅР°Р№РґРµРЅР° С‚РѕС‡РєР° РІС…РѕРґР° РІ СЂР°СЃС€РёСЂРµРЅРёРё: client.commands.love
2024-04-03 20:25:44,538:ERROR:bot: РќРµ РЅР°Р№РґРµРЅР° С‚РѕС‡РєР° РІС…РѕРґР° РІ СЂР°СЃС€РёСЂРµРЅРёРё: client.commands.love
2024-04-03 20:32:10,960:ERROR:bot: РќРµ РЅР°Р№РґРµРЅР° С‚РѕС‡РєР° РІС…РѕРґР° РІ СЂР°СЃС€РёСЂРµРЅРёРё: client.commands.love
2024-04-03 20:40:41,757:ERROR:bot: РќРµ РЅР°Р№РґРµРЅР° С‚РѕС‡РєР° РІС…РѕРґР° РІ СЂР°СЃС€РёСЂРµРЅРёРё: client.commands.love
2024-04-03 20:48:01,148:ERROR:bot: РќРµ РЅР°Р№РґРµРЅР° С‚РѕС‡РєР° РІС…РѕРґР° РІ СЂР°СЃС€РёСЂРµРЅРёРё: client.commands.love
2024-04-03 20:48:01,196:ERROR:bot: РћС€РёР±РєР° РїСЂРё Р·Р°РіСЂСѓР·РєРµ СЂР°СЃС€РёСЂРµРЅРёСЏ client.baner.banner: No module named 'PIL'
2024-04-03 20:48:38,672:ERROR:bot: РќРµ РЅР°Р№РґРµРЅР° С‚РѕС‡РєР° РІС…РѕРґР° РІ СЂР°СЃС€РёСЂРµРЅРёРё: client.commands.love
2024-04-03 20:49:59,515:ERROR:bot: РќРµ РЅР°Р№РґРµРЅР° С‚РѕС‡РєР° РІС…РѕРґР° РІ СЂР°СЃС€РёСЂРµРЅРёРё: client.commands.love
2024-04-03 20:57:38,528:ERROR:bot: РќРµ РЅР°Р№РґРµРЅР° С‚РѕС‡РєР° РІС…РѕРґР° РІ СЂР°СЃС€РёСЂРµРЅРёРё: client.commands.love
2024-04-03 20:58:18,234:ERROR:bot: РќРµ РЅР°Р№РґРµРЅР° С‚РѕС‡РєР° РІС…РѕРґР° РІ СЂР°СЃС€РёСЂРµРЅРёРё: client.commands.love
2024-04-03 20:58:34,471:ERROR:bot: РќРµ РЅР°Р№РґРµРЅР° С‚РѕС‡РєР° РІС…РѕРґР° РІ СЂР°СЃС€РёСЂРµРЅРёРё: client.commands.love
2024-04-03 20:59:39,197:ERROR:bot: РќРµ РЅР°Р№РґРµРЅР° С‚РѕС‡РєР° РІС…РѕРґР° РІ СЂР°СЃС€РёСЂРµРЅРёРё: client.commands.love
2024-04-03 21:00:28,313:ERROR:bot: РќРµ РЅР°Р№РґРµРЅР° С‚РѕС‡РєР° РІС…РѕРґР° РІ СЂР°СЃС€РёСЂРµРЅРёРё: client.commands.love
2024-04-04 05:39:27,167:ERROR:bot: Не найдена точка входа в расширении: client.commands.love
2024-04-04 05:39:27,209:ERROR:bot: Не найдена точка входа в расширении: client.modules.profiles.profile
2024-04-04 05:40:29,310:ERROR:bot: Не найдена точка входа в расширении: client.commands.love
2024-04-04 05:40:29,327:ERROR:bot: Не найдена точка входа в расширении: client.modules.profiles.profile
2024-04-04 05:58:18,244:ERROR:bot: Не найдена точка входа в расширении: client.commands.love
2024-04-04 05:59:31,489:ERROR:bot: Не найдена точка входа в расширении: client.commands.love
2024-04-04 06:00:19,849:ERROR:bot: Не найдена точка входа в расширении: client.commands.love
2024-04-04 06:04:58,518:ERROR:bot: Не найдена точка входа в расширении: client.commands.love
2024-04-04 06:06:46,615:ERROR:bot: Не найдена точка входа в расширении: client.commands.love
2024-04-04 06:08:15,262:ERROR:bot: Не найдена точка входа в расширении: client.commands.love
2024-04-04 06:12:18,924:ERROR:bot: Не найдена точка входа в расширении: client.commands.love
2024-04-04 06:12:18,942:ERROR:bot: Ошибка при загрузке расширения client.modules.profiles.profile: invalid syntax (profile.py, line 19)
2024-04-04 06:13:11,533:ERROR:bot: Не найдена точка входа в расширении: client.commands.love
2024-04-04 06:16:04,836:ERROR:bot: Не найдена точка входа в расширении: client.commands.love
2024-04-04 06:17:11,763:ERROR:bot: Не найдена точка входа в расширении: client.commands.love
2024-04-04 06:19:59,611:ERROR:bot: Не найдена точка входа в расширении: client.commands.love
2024-04-04 06:21:00,595:ERROR:bot: Не найдена точка входа в расширении: client.commands.love
2024-04-04 06:22:08,640:ERROR:bot: Не найдена точка входа в расширении: client.commands.love
2024-04-04 06:22:41,756:ERROR:bot: Не найдена точка входа в расширении: client.commands.love
2024-04-04 06:23:47,255:ERROR:bot: Не найдена точка входа в расширении: client.commands.love
2024-04-04 06:26:15,105:ERROR:bot: Не найдена точка входа в расширении: client.commands.love
2024-04-04 06:27:31,319:ERROR:bot: Не найдена точка входа в расширении: client.commands.love
2024-04-04 06:28:41,599:ERROR:bot: Не найдена точка входа в расширении: client.commands.love
2024-04-04 06:29:44,199:ERROR:bot: Не найдена точка входа в расширении: client.commands.love
2024-04-04 06:30:11,808:ERROR:bot: Не найдена точка входа в расширении: client.commands.love
2024-04-04 06:37:56,013:ERROR:bot: Не найдена точка входа в расширении: client.commands.love
2024-04-04 06:40:16,375:ERROR:bot: Не найдена точка входа в расширении: client.commands.love
2024-04-04 06:40:42,563:ERROR:bot: Не найдена точка входа в расширении: client.commands.love
2024-04-04 06:43:43,324:ERROR:bot: Не найдена точка входа в расширении: client.commands.love
2024-04-04 06:44:41,155:ERROR:bot: Не найдена точка входа в расширении: client.commands.love
2024-04-05 14:35:41,629:ERROR:bot: Не найдена точка входа в расширении: client.commands.love
2024-04-05 14:36:32,988:ERROR:bot: Не найдена точка входа в расширении: client.commands.love
2024-04-05 14:37:24,135:ERROR:bot: Не найдена точка входа в расширении: client.commands.love
2024-04-05 14:37:33,264:ERROR:bot: Не найдена точка входа в расширении: client.commands.love
2024-04-05 14:38:53,661:ERROR:bot: Не найдена точка входа в расширении: client.commands.love
2024-04-05 14:41:08,617:ERROR:bot: Не найдена точка входа в расширении: client.commands.love
2024-04-05 14:43:15,924:ERROR:bot: Не найдена точка входа в расширении: client.commands.love
2024-04-05 14:43:45,088:ERROR:bot: Не найдена точка входа в расширении: client.commands.love
2024-04-05 14:46:48,713:ERROR:bot: Не найдена точка входа в расширении: client.commands.love
2024-04-05 14:48:03,187:ERROR:bot: Не найдена точка входа в расширении: client.commands.love
2024-04-05 14:48:57,359:ERROR:bot: Не найдена точка входа в расширении: client.commands.love
2024-04-05 14:51:18,623:ERROR:bot: Не найдена точка входа в расширении: client.commands.love
2024-04-05 14:53:43,874:ERROR:bot: Не найдена точка входа в расширении: client.commands.love
2024-04-05 15:10:00,918:ERROR:bot: Не найдена точка входа в расширении: client.commands.love
2024-04-05 15:11:59,329:ERROR:bot: Не найдена точка входа в расширении: client.commands.love
2024-04-05 15:18:46,311:ERROR:bot: Не найдена точка входа в расширении: client.commands.love
2024-04-05 15:19:15,526:ERROR:bot: Не найдена точка входа в расширении: client.commands.love
2024-04-05 15:21:05,763:ERROR:bot: Не найдена точка входа в расширении: client.commands.love
2024-04-05 15:21:50,368:ERROR:bot: Не найдена точка входа в расширении: client.commands.love
2024-04-05 15:23:29,813:ERROR:bot: Не найдена точка входа в расширении: client.commands.love
2024-04-05 15:24:32,447:ERROR:bot: Не найдена точка входа в расширении: client.commands.love
2024-04-05 15:53:44,170:ERROR:bot: Не найдена точка входа в расширении: client.commands.love
2024-04-05 15:54:07,278:ERROR:bot: Не найдена точка входа в расширении: client.commands.love
2024-04-05 15:57:12,548:ERROR:bot: Не найдена точка входа в расширении: client.commands.love
2024-04-05 15:57:39,482:ERROR:bot: Не найдена точка входа в расширении: client.commands.love
2024-04-05 15:59:12,081:ERROR:bot: Не найдена точка входа в расширении: client.commands.love
2024-04-05 16:02:39,451:ERROR:bot: Не найдена точка входа в расширении: client.commands.love
2024-04-05 16:06:15,349:ERROR:bot: Не найдена точка входа в расширении: client.commands.love
2024-04-05 16:13:16,741:ERROR:bot: Не найдена точка входа в расширении: client.commands.love
2024-04-05 16:13:50,958:ERROR:bot: Не найдена точка входа в расширении: client.commands.love
2024-04-05 16:22:38,696:ERROR:bot: Не найдена точка входа в расширении: client.commands.love
2024-04-05 16:23:45,203:ERROR:bot: Не найдена точка входа в расширении: client.commands.love
2024-04-05 16:25:05,571:ERROR:bot: Не найдена точка входа в расширении: client.commands.love
2024-04-05 16:26:05,920:ERROR:bot: Не найдена точка входа в расширении: client.commands.love
2024-04-05 16:26:41,908:ERROR:bot: Не найдена точка входа в расширении: client.commands.love
2024-04-05 16:28:38,676:ERROR:bot: Не найдена точка входа в расширении: client.commands.love
2024-04-05 16:29:16,303:ERROR:bot: Не найдена точка входа в расширении: client.commands.love
2024-04-05 16:30:28,530:ERROR:bot: Не найдена точка входа в расширении: client.commands.love
2024-04-05 09:34:11,894:ERROR:bot: РќРµ РЅР°Р№РґРµРЅР° С‚РѕС‡РєР° РІС…РѕРґР° РІ СЂР°СЃС€РёСЂРµРЅРёРё: client.commands.love
2024-04-05 09:36:06,380:ERROR:bot: РќРµ РЅР°Р№РґРµРЅР° С‚РѕС‡РєР° РІС…РѕРґР° РІ СЂР°СЃС€РёСЂРµРЅРёРё: client.commands.love
2024-04-05 09:36:38,223:ERROR:bot: РќРµ РЅР°Р№РґРµРЅР° С‚РѕС‡РєР° РІС…РѕРґР° РІ СЂР°СЃС€РёСЂРµРЅРёРё: client.commands.love
2024-04-05 09:37:23,084:ERROR:bot: РќРµ РЅР°Р№РґРµРЅР° С‚РѕС‡РєР° РІС…РѕРґР° РІ СЂР°СЃС€РёСЂРµРЅРёРё: client.commands.love
2024-04-05 09:37:35,240:ERROR:bot: РќРµ РЅР°Р№РґРµРЅР° С‚РѕС‡РєР° РІС…РѕРґР° РІ СЂР°СЃС€РёСЂРµРЅРёРё: client.commands.love
2024-04-05 09:41:34,820:ERROR:bot: РќРµ РЅР°Р№РґРµРЅР° С‚РѕС‡РєР° РІС…РѕРґР° РІ СЂР°СЃС€РёСЂРµРЅРёРё: client.commands.love
2024-04-05 09:42:41,799:ERROR:bot: РќРµ РЅР°Р№РґРµРЅР° С‚РѕС‡РєР° РІС…РѕРґР° РІ СЂР°СЃС€РёСЂРµРЅРёРё: client.commands.love
2024-04-05 10:04:33,198:ERROR:bot: РќРµ РЅР°Р№РґРµРЅР° С‚РѕС‡РєР° РІС…РѕРґР° РІ СЂР°СЃС€РёСЂРµРЅРёРё: client.commands.love
2024-04-05 10:06:56,181:ERROR:bot: РќРµ РЅР°Р№РґРµРЅР° С‚РѕС‡РєР° РІС…РѕРґР° РІ СЂР°СЃС€РёСЂРµРЅРёРё: client.commands.love
2024-04-05 12:01:57,643:ERROR:bot: РќРµ РЅР°Р№РґРµРЅР° С‚РѕС‡РєР° РІС…РѕРґР° РІ СЂР°СЃС€РёСЂРµРЅРёРё: client.commands.love
2024-04-05 13:20:31,855:ERROR:bot: РќРµ РЅР°Р№РґРµРЅР° С‚РѕС‡РєР° РІС…РѕРґР° РІ СЂР°СЃС€РёСЂРµРЅРёРё: client.commands.love
2024-04-05 20:25:20,098:ERROR:bot: РќРµ РЅР°Р№РґРµРЅР° С‚РѕС‡РєР° РІС…РѕРґР° РІ СЂР°СЃС€РёСЂРµРЅРёРё: client.commands.love
2024-04-05 20:25:20,243:ERROR:bot: РћС€РёР±РєР° РїСЂРё Р·Р°РіСЂСѓР·РєРµ СЂР°СЃС€РёСЂРµРЅРёСЏ client.modules.profiles.profile: No module named 'client.modules.profiles.server'
2024-04-05 20:26:09,147:ERROR:bot: РќРµ РЅР°Р№РґРµРЅР° С‚РѕС‡РєР° РІС…РѕРґР° РІ СЂР°СЃС€РёСЂРµРЅРёРё: client.commands.love
2024-04-05 20:28:01,296:ERROR:bot: РќРµ РЅР°Р№РґРµРЅР° С‚РѕС‡РєР° РІС…РѕРґР° РІ СЂР°СЃС€РёСЂРµРЅРёРё: client.commands.love
2024-04-06 10:28:45,921:ERROR:bot: РќРµ РЅР°Р№РґРµРЅР° С‚РѕС‡РєР° РІС…РѕРґР° РІ СЂР°СЃС€РёСЂРµРЅРёРё: client.commands.love
2024-04-06 10:30:36,351:ERROR:bot: РќРµ РЅР°Р№РґРµРЅР° С‚РѕС‡РєР° РІС…РѕРґР° РІ СЂР°СЃС€РёСЂРµРЅРёРё: client.commands.love
2024-04-06 19:48:13,155:ERROR:bot: РќРµ РЅР°Р№РґРµРЅР° С‚РѕС‡РєР° РІС…РѕРґР° РІ СЂР°СЃС€РёСЂРµРЅРёРё: client.commands.love
2024-04-07 21:28:52,144:ERROR:bot: РќРµ РЅР°Р№РґРµРЅР° С‚РѕС‡РєР° РІС…РѕРґР° РІ СЂР°СЃС€РёСЂРµРЅРёРё: client.commands.love
2024-04-07 21:30:38,398:ERROR:bot: РќРµ РЅР°Р№РґРµРЅР° С‚РѕС‡РєР° РІС…РѕРґР° РІ СЂР°СЃС€РёСЂРµРЅРёРё: client.commands.love
2024-04-07 22:20:27,421:ERROR:bot: РќРµ РЅР°Р№РґРµРЅР° С‚РѕС‡РєР° РІС…РѕРґР° РІ СЂР°СЃС€РёСЂРµРЅРёРё: client.commands.love
2024-04-10 13:41:27,752:ERROR:bot: РќРµ РЅР°Р№РґРµРЅР° С‚РѕС‡РєР° РІС…РѕРґР° РІ СЂР°СЃС€РёСЂРµРЅРёРё: client.commands.love
2024-04-11 11:07:48,220:ERROR:bot: РќРµ РЅР°Р№РґРµРЅР° С‚РѕС‡РєР° РІС…РѕРґР° РІ СЂР°СЃС€РёСЂРµРЅРёРё: client.commands.love
2024-04-11 11:09:50,276:ERROR:bot: РќРµ РЅР°Р№РґРµРЅР° С‚РѕС‡РєР° РІС…РѕРґР° РІ СЂР°СЃС€РёСЂРµРЅРёРё: client.commands.love
2024-04-11 11:14:56,585:ERROR:bot: РќРµ РЅР°Р№РґРµРЅР° С‚РѕС‡РєР° РІС…РѕРґР° РІ СЂР°СЃС€РёСЂРµРЅРёРё: client.commands.love
2024-04-11 11:15:48,821:ERROR:bot: РќРµ РЅР°Р№РґРµРЅР° С‚РѕС‡РєР° РІС…РѕРґР° РІ СЂР°СЃС€РёСЂРµРЅРёРё: client.commands.love
2024-04-11 11:26:36,307:ERROR:bot: РќРµ РЅР°Р№РґРµРЅР° С‚РѕС‡РєР° РІС…РѕРґР° РІ СЂР°СЃС€РёСЂРµРЅРёРё: client.commands.love
2024-04-11 11:27:14,309:ERROR:bot: РќРµ РЅР°Р№РґРµРЅР° С‚РѕС‡РєР° РІС…РѕРґР° РІ СЂР°СЃС€РёСЂРµРЅРёРё: client.commands.love
2024-04-11 11:27:38,450:ERROR:bot: РќРµ РЅР°Р№РґРµРЅР° С‚РѕС‡РєР° РІС…РѕРґР° РІ СЂР°СЃС€РёСЂРµРЅРёРё: client.commands.love
2024-04-14 13:46:45,897:ERROR:bot: РќРµ РЅР°Р№РґРµРЅР° С‚РѕС‡РєР° РІС…РѕРґР° РІ СЂР°СЃС€РёСЂРµРЅРёРё: client.commands.love
2024-04-14 13:48:10,581:ERROR:bot: РќРµ РЅР°Р№РґРµРЅР° С‚РѕС‡РєР° РІС…РѕРґР° РІ СЂР°СЃС€РёСЂРµРЅРёРё: client.commands.love
2024-04-14 13:48:22,723:ERROR:bot: РќРµ РЅР°Р№РґРµРЅР° С‚РѕС‡РєР° РІС…РѕРґР° РІ СЂР°СЃС€РёСЂРµРЅРёРё: client.commands.love
2024-04-17 21:47:39,465:ERROR:bot: РќРµ РЅР°Р№РґРµРЅР° С‚РѕС‡РєР° РІС…РѕРґР° РІ СЂР°СЃС€РёСЂРµРЅРёРё: client.commands.love
2024-04-17 21:48:27,306:ERROR:bot: РќРµ РЅР°Р№РґРµРЅР° С‚РѕС‡РєР° РІС…РѕРґР° РІ СЂР°СЃС€РёСЂРµРЅРёРё: client.commands.love
2024-04-17 21:49:10,210:ERROR:bot: РќРµ РЅР°Р№РґРµРЅР° С‚РѕС‡РєР° РІС…РѕРґР° РІ СЂР°СЃС€РёСЂРµРЅРёРё: client.commands.love
2024-04-17 22:01:58,837:ERROR:bot: РќРµ РЅР°Р№РґРµРЅР° С‚РѕС‡РєР° РІС…РѕРґР° РІ СЂР°СЃС€РёСЂРµРЅРёРё: client.commands.love
2024-04-17 22:08:17,820:ERROR:bot: РќРµ РЅР°Р№РґРµРЅР° С‚РѕС‡РєР° РІС…РѕРґР° РІ СЂР°СЃС€РёСЂРµРЅРёРё: client.commands.love
2024-04-17 22:18:18,965:ERROR:bot: РќРµ РЅР°Р№РґРµРЅР° С‚РѕС‡РєР° РІС…РѕРґР° РІ СЂР°СЃС€РёСЂРµРЅРёРё: client.commands.love
2024-04-20 00:28:06,749:ERROR:bot: РќРµ РЅР°Р№РґРµРЅР° С‚РѕС‡РєР° РІС…РѕРґР° РІ СЂР°СЃС€РёСЂРµРЅРёРё: client.commands.love
2024-04-26 08:03:20,254:ERROR:bot: РќРµ РЅР°Р№РґРµРЅР° С‚РѕС‡РєР° РІС…РѕРґР° РІ СЂР°СЃС€РёСЂРµРЅРёРё: client.commands.love
2024-04-28 08:25:28,520:ERROR:bot: РќРµ РЅР°Р№РґРµРЅР° С‚РѕС‡РєР° РІС…РѕРґР° РІ СЂР°СЃС€РёСЂРµРЅРёРё: client.commands.love
2024-04-30 15:14:32,209:ERROR:bot: РќРµ РЅР°Р№РґРµРЅР° С‚РѕС‡РєР° РІС…РѕРґР° РІ СЂР°СЃС€РёСЂРµРЅРёРё: client.commands.love
2024-04-30 15:21:47,359:ERROR:bot: РќРµ РЅР°Р№РґРµРЅР° С‚РѕС‡РєР° РІС…РѕРґР° РІ СЂР°СЃС€РёСЂРµРЅРёРё: client.commands.love
2024-04-30 15:27:43,396:ERROR:bot: РќРµ РЅР°Р№РґРµРЅР° С‚РѕС‡РєР° РІС…РѕРґР° РІ СЂР°СЃС€РёСЂРµРЅРёРё: client.commands.love
2024-04-30 15:29:18,318:ERROR:bot: РќРµ РЅР°Р№РґРµРЅР° С‚РѕС‡РєР° РІС…РѕРґР° РІ СЂР°СЃС€РёСЂРµРЅРёРё: client.commands.love
2024-04-30 15:29:54,747:ERROR:bot: РќРµ РЅР°Р№РґРµРЅР° С‚РѕС‡РєР° РІС…РѕРґР° РІ СЂР°СЃС€РёСЂРµРЅРёРё: client.commands.love
2024-04-30 15:37:56,435:ERROR:bot: РќРµ РЅР°Р№РґРµРЅР° С‚РѕС‡РєР° РІС…РѕРґР° РІ СЂР°СЃС€РёСЂРµРЅРёРё: client.commands.love
2024-04-30 16:08:17,727:ERROR:bot: РќРµ РЅР°Р№РґРµРЅР° С‚РѕС‡РєР° РІС…РѕРґР° РІ СЂР°СЃС€РёСЂРµРЅРёРё: client.commands.love
2024-04-30 16:27:36,910:ERROR:bot: РќРµ РЅР°Р№РґРµРЅР° С‚РѕС‡РєР° РІС…РѕРґР° РІ СЂР°СЃС€РёСЂРµРЅРёРё: client.commands.love
2024-04-30 16:29:35,288:ERROR:bot: РќРµ РЅР°Р№РґРµРЅР° С‚РѕС‡РєР° РІС…РѕРґР° РІ СЂР°СЃС€РёСЂРµРЅРёРё: client.commands.love
2024-04-30 16:30:31,722:ERROR:bot: РќРµ РЅР°Р№РґРµРЅР° С‚РѕС‡РєР° РІС…РѕРґР° РІ СЂР°СЃС€РёСЂРµРЅРёРё: client.commands.love
2024-04-30 16:30:59,129:ERROR:bot: РќРµ РЅР°Р№РґРµРЅР° С‚РѕС‡РєР° РІС…РѕРґР° РІ СЂР°СЃС€РёСЂРµРЅРёРё: client.commands.love
2024-04-30 16:32:00,524:ERROR:bot: РќРµ РЅР°Р№РґРµРЅР° С‚РѕС‡РєР° РІС…РѕРґР° РІ СЂР°СЃС€РёСЂРµРЅРёРё: client.commands.love
2024-04-30 16:32:30,312:ERROR:bot: РќРµ РЅР°Р№РґРµРЅР° С‚РѕС‡РєР° РІС…РѕРґР° РІ СЂР°СЃС€РёСЂРµРЅРёРё: client.commands.love
2024-04-30 16:33:42,363:ERROR:bot: РќРµ РЅР°Р№РґРµРЅР° С‚РѕС‡РєР° РІС…РѕРґР° РІ СЂР°СЃС€РёСЂРµРЅРёРё: client.commands.love
2024-04-30 16:37:20,159:ERROR:bot: РќРµ РЅР°Р№РґРµРЅР° С‚РѕС‡РєР° РІС…РѕРґР° РІ СЂР°СЃС€РёСЂРµРЅРёРё: client.commands.love
2024-04-30 16:37:58,933:ERROR:bot: РќРµ РЅР°Р№РґРµРЅР° С‚РѕС‡РєР° РІС…РѕРґР° РІ СЂР°СЃС€РёСЂРµРЅРёРё: client.commands.love
2024-04-30 16:38:31,781:ERROR:bot: РќРµ РЅР°Р№РґРµРЅР° С‚РѕС‡РєР° РІС…РѕРґР° РІ СЂР°СЃС€РёСЂРµРЅРёРё: client.commands.love
2024-04-30 17:05:14,490:ERROR:bot: РќРµ РЅР°Р№РґРµРЅР° С‚РѕС‡РєР° РІС…РѕРґР° РІ СЂР°СЃС€РёСЂРµРЅРёРё: client.commands.love
2024-04-30 17:05:14,506:ERROR:bot: РќРµ РЅР°Р№РґРµРЅР° С‚РѕС‡РєР° РІС…РѕРґР° РІ СЂР°СЃС€РёСЂРµРЅРёРё: client.modules.private
2024-04-30 17:07:18,479:ERROR:bot: РќРµ РЅР°Р№РґРµРЅР° С‚РѕС‡РєР° РІС…РѕРґР° РІ СЂР°СЃС€РёСЂРµРЅРёРё: client.commands.love
2024-04-30 17:07:18,517:ERROR:bot: РќРµ РЅР°Р№РґРµРЅР° С‚РѕС‡РєР° РІС…РѕРґР° РІ СЂР°СЃС€РёСЂРµРЅРёРё: client.modules.private
2024-04-30 17:08:18,917:ERROR:bot: РќРµ РЅР°Р№РґРµРЅР° С‚РѕС‡РєР° РІС…РѕРґР° РІ СЂР°СЃС€РёСЂРµРЅРёРё: client.commands.love
2024-04-30 17:08:18,933:ERROR:bot: РќРµ РЅР°Р№РґРµРЅР° С‚РѕС‡РєР° РІС…РѕРґР° РІ СЂР°СЃС€РёСЂРµРЅРёРё: client.modules.private
2024-04-30 17:09:08,430:ERROR:bot: РќРµ РЅР°Р№РґРµРЅР° С‚РѕС‡РєР° РІС…РѕРґР° РІ СЂР°СЃС€РёСЂРµРЅРёРё: client.commands.love
2024-04-30 17:09:08,447:ERROR:bot: РќРµ РЅР°Р№РґРµРЅР° С‚РѕС‡РєР° РІС…РѕРґР° РІ СЂР°СЃС€РёСЂРµРЅРёРё: client.modules.private
2024-04-30 17:11:42,585:ERROR:bot: РќРµ РЅР°Р№РґРµРЅР° С‚РѕС‡РєР° РІС…РѕРґР° РІ СЂР°СЃС€РёСЂРµРЅРёРё: client.commands.love
2024-04-30 17:11:42,600:ERROR:bot: РќРµ РЅР°Р№РґРµРЅР° С‚РѕС‡РєР° РІС…РѕРґР° РІ СЂР°СЃС€РёСЂРµРЅРёРё: client.modules.private
2024-04-30 18:32:33,951:ERROR:bot: РќРµ РЅР°Р№РґРµРЅР° С‚РѕС‡РєР° РІС…РѕРґР° РІ СЂР°СЃС€РёСЂРµРЅРёРё: client.commands.love
2024-05-01 18:12:24,229:ERROR:bot: РќРµ РЅР°Р№РґРµРЅР° С‚РѕС‡РєР° РІС…РѕРґР° РІ СЂР°СЃС€РёСЂРµРЅРёРё: client.commands.love
2024-05-01 21:50:11,101:ERROR:bot: РќРµ РЅР°Р№РґРµРЅР° С‚РѕС‡РєР° РІС…РѕРґР° РІ СЂР°СЃС€РёСЂРµРЅРёРё: client.commands.love
2024-05-01 21:52:51,533:ERROR:bot: РќРµ РЅР°Р№РґРµРЅР° С‚РѕС‡РєР° РІС…РѕРґР° РІ СЂР°СЃС€РёСЂРµРЅРёРё: client.commands.love
2024-05-01 21:53:32,459:ERROR:bot: РќРµ РЅР°Р№РґРµРЅР° С‚РѕС‡РєР° РІС…РѕРґР° РІ СЂР°СЃС€РёСЂРµРЅРёРё: client.commands.love
2024-05-01 21:54:29,705:ERROR:bot: РќРµ РЅР°Р№РґРµРЅР° С‚РѕС‡РєР° РІС…РѕРґР° РІ СЂР°СЃС€РёСЂРµРЅРёРё: client.commands.love
2024-05-01 21:55:11,284:ERROR:bot: РќРµ РЅР°Р№РґРµРЅР° С‚РѕС‡РєР° РІС…РѕРґР° РІ СЂР°СЃС€РёСЂРµРЅРёРё: client.commands.love
2024-05-01 21:58:06,965:ERROR:bot: РќРµ РЅР°Р№РґРµРЅР° С‚РѕС‡РєР° РІС…РѕРґР° РІ СЂР°СЃС€РёСЂРµРЅРёРё: client.commands.love
2024-05-01 21:59:19,869:ERROR:bot: РќРµ РЅР°Р№РґРµРЅР° С‚РѕС‡РєР° РІС…РѕРґР° РІ СЂР°СЃС€РёСЂРµРЅРёРё: client.commands.love
2024-05-01 22:00:09,052:ERROR:bot: РќРµ РЅР°Р№РґРµРЅР° С‚РѕС‡РєР° РІС…РѕРґР° РІ СЂР°СЃС€РёСЂРµРЅРёРё: client.commands.love
2024-05-01 22:00:36,611:ERROR:bot: РќРµ РЅР°Р№РґРµРЅР° С‚РѕС‡РєР° РІС…РѕРґР° РІ СЂР°СЃС€РёСЂРµРЅРёРё: client.commands.love
2024-05-01 22:01:11,073:ERROR:bot: РќРµ РЅР°Р№РґРµРЅР° С‚РѕС‡РєР° РІС…РѕРґР° РІ СЂР°СЃС€РёСЂРµРЅРёРё: client.commands.love
2024-05-02 20:26:46,454:ERROR:bot: РќРµ РЅР°Р№РґРµРЅР° С‚РѕС‡РєР° РІС…РѕРґР° РІ СЂР°СЃС€РёСЂРµРЅРёРё: client.commands.love
2024-05-03 09:51:27,953:ERROR:bot: РќРµ РЅР°Р№РґРµРЅР° С‚РѕС‡РєР° РІС…РѕРґР° РІ СЂР°СЃС€РёСЂРµРЅРёРё: client.commands.love
2024-05-03 10:16:49,091:ERROR:bot: РќРµ РЅР°Р№РґРµРЅР° С‚РѕС‡РєР° РІС…РѕРґР° РІ СЂР°СЃС€РёСЂРµРЅРёРё: client.commands.love
2024-05-03 10:28:13,760:ERROR:bot: РќРµ РЅР°Р№РґРµРЅР° С‚РѕС‡РєР° РІС…РѕРґР° РІ СЂР°СЃС€РёСЂРµРЅРёРё: client.commands.love
2024-05-03 10:35:19,617:ERROR:bot: РќРµ РЅР°Р№РґРµРЅР° С‚РѕС‡РєР° РІС…РѕРґР° РІ СЂР°СЃС€РёСЂРµРЅРёРё: client.commands.love
2024-05-03 12:47:11,082:ERROR:bot: РќРµ РЅР°Р№РґРµРЅР° С‚РѕС‡РєР° РІС…РѕРґР° РІ СЂР°СЃС€РёСЂРµРЅРёРё: client.commands.love
2024-05-03 12:51:24,648:ERROR:bot: РќРµ РЅР°Р№РґРµРЅР° С‚РѕС‡РєР° РІС…РѕРґР° РІ СЂР°СЃС€РёСЂРµРЅРёРё: client.commands.love
2024-05-03 15:27:24,816:ERROR:bot: РќРµ РЅР°Р№РґРµРЅР° С‚РѕС‡РєР° РІС…РѕРґР° РІ СЂР°СЃС€РёСЂРµРЅРёРё: client.commands.love
2024-05-03 16:42:29,128:ERROR:bot: РќРµ РЅР°Р№РґРµРЅР° С‚РѕС‡РєР° РІС…РѕРґР° РІ СЂР°СЃС€РёСЂРµРЅРёРё: client.commands.love
2024-05-03 16:46:25,940:ERROR:bot: РќРµ РЅР°Р№РґРµРЅР° С‚РѕС‡РєР° РІС…РѕРґР° РІ СЂР°СЃС€РёСЂРµРЅРёРё: client.commands.love
2024-05-03 16:49:29,338:ERROR:bot: РќРµ РЅР°Р№РґРµРЅР° С‚РѕС‡РєР° РІС…РѕРґР° РІ СЂР°СЃС€РёСЂРµРЅРёРё: client.commands.love
2024-05-03 16:54:55,378:ERROR:bot: РќРµ РЅР°Р№РґРµРЅР° С‚РѕС‡РєР° РІС…РѕРґР° РІ СЂР°СЃС€РёСЂРµРЅРёРё: client.commands.love
2024-05-03 17:08:21,628:ERROR:bot: РќРµ РЅР°Р№РґРµРЅР° С‚РѕС‡РєР° РІС…РѕРґР° РІ СЂР°СЃС€РёСЂРµРЅРёРё: client.commands.love
2024-05-03 17:09:39,974:ERROR:bot: РќРµ РЅР°Р№РґРµРЅР° С‚РѕС‡РєР° РІС…РѕРґР° РІ СЂР°СЃС€РёСЂРµРЅРёРё: client.commands.love
2024-05-05 09:42:49,132:ERROR:bot: РќРµ РЅР°Р№РґРµРЅР° С‚РѕС‡РєР° РІС…РѕРґР° РІ СЂР°СЃС€РёСЂРµРЅРёРё: client.commands.love
2024-05-05 09:46:55,594:ERROR:bot: РќРµ РЅР°Р№РґРµРЅР° С‚РѕС‡РєР° РІС…РѕРґР° РІ СЂР°СЃС€РёСЂРµРЅРёРё: client.commands.love
2024-05-05 09:47:30,014:ERROR:bot: РќРµ РЅР°Р№РґРµРЅР° С‚РѕС‡РєР° РІС…РѕРґР° РІ СЂР°СЃС€РёСЂРµРЅРёРё: client.commands.love
2024-05-05 09:48:24,410:ERROR:bot: РќРµ РЅР°Р№РґРµРЅР° С‚РѕС‡РєР° РІС…РѕРґР° РІ СЂР°СЃС€РёСЂРµРЅРёРё: client.commands.love
2024-05-05 09:51:39,498:ERROR:bot: РќРµ РЅР°Р№РґРµРЅР° С‚РѕС‡РєР° РІС…РѕРґР° РІ СЂР°СЃС€РёСЂРµРЅРёРё: client.commands.love
2024-05-05 13:01:35,341:ERROR:bot: РќРµ РЅР°Р№РґРµРЅР° С‚РѕС‡РєР° РІС…РѕРґР° РІ СЂР°СЃС€РёСЂРµРЅРёРё: client.commands.love
2024-05-05 22:42:03,088:ERROR:bot: РќРµ РЅР°Р№РґРµРЅР° С‚РѕС‡РєР° РІС…РѕРґР° РІ СЂР°СЃС€РёСЂРµРЅРёРё: client.commands.love
2024-05-05 22:44:17,496:ERROR:bot: РќРµ РЅР°Р№РґРµРЅР° С‚РѕС‡РєР° РІС…РѕРґР° РІ СЂР°СЃС€РёСЂРµРЅРёРё: client.commands.love
2024-05-06 15:48:49,205:ERROR:bot: РќРµ РЅР°Р№РґРµРЅР° С‚РѕС‡РєР° РІС…РѕРґР° РІ СЂР°СЃС€РёСЂРµРЅРёРё: client.commands.love
2024-05-06 15:50:35,347:ERROR:bot: РќРµ РЅР°Р№РґРµРЅР° С‚РѕС‡РєР° РІС…РѕРґР° РІ СЂР°СЃС€РёСЂРµРЅРёРё: client.commands.love
2024-05-12 09:12:35,931:ERROR:bot: РќРµ РЅР°Р№РґРµРЅР° С‚РѕС‡РєР° РІС…РѕРґР° РІ СЂР°СЃС€РёСЂРµРЅРёРё: client.commands.love
2024-05-12 09:21:55,542:ERROR:bot: РќРµ РЅР°Р№РґРµРЅР° С‚РѕС‡РєР° РІС…РѕРґР° РІ СЂР°СЃС€РёСЂРµРЅРёРё: client.commands.love
2024-05-12 09:21:55,645:ERROR:bot: РћС€РёР±РєР° РїСЂРё Р·Р°РіСЂСѓР·РєРµ СЂР°СЃС€РёСЂРµРЅРёСЏ client.baner.banner: No module named 'start'
2024-05-12 09:21:55,647:ERROR:bot: РћС€РёР±РєР° РїСЂРё Р·Р°РіСЂСѓР·РєРµ СЂР°СЃС€РёСЂРµРЅРёСЏ client.baner.update: No module named 'start'
2024-05-12 09:21:55,647:ERROR:bot: РћС€РёР±РєР° РїСЂРё Р·Р°РіСЂСѓР·РєРµ СЂР°СЃС€РёСЂРµРЅРёСЏ client.baner.bandb: No module named 'start'
2024-05-12 09:23:16,007:ERROR:bot: РќРµ РЅР°Р№РґРµРЅР° С‚РѕС‡РєР° РІС…РѕРґР° РІ СЂР°СЃС€РёСЂРµРЅРёРё: client.commands.love
2024-05-12 09:23:16,107:ERROR:bot: РќРµ РЅР°Р№РґРµРЅР° С‚РѕС‡РєР° РІС…РѕРґР° РІ СЂР°СЃС€РёСЂРµРЅРёРё: client.baner.bandb
2024-05-12 09:23:51,580:ERROR:bot: РќРµ РЅР°Р№РґРµРЅР° С‚РѕС‡РєР° РІС…РѕРґР° РІ СЂР°СЃС€РёСЂРµРЅРёРё: client.commands.love
2024-05-12 09:23:51,686:ERROR:bot: РќРµ РЅР°Р№РґРµРЅР° С‚РѕС‡РєР° РІС…РѕРґР° РІ СЂР°СЃС€РёСЂРµРЅРёРё: client.baner.bandb
2024-05-12 09:24:33,189:ERROR:bot: РќРµ РЅР°Р№РґРµРЅР° С‚РѕС‡РєР° РІС…РѕРґР° РІ СЂР°СЃС€РёСЂРµРЅРёРё: client.commands.love
2024-05-12 09:24:33,288:ERROR:bot: РќРµ РЅР°Р№РґРµРЅР° С‚РѕС‡РєР° РІС…РѕРґР° РІ СЂР°СЃС€РёСЂРµРЅРёРё: client.baner.bandb
2024-05-12 09:25:27,792:ERROR:bot: РќРµ РЅР°Р№РґРµРЅР° С‚РѕС‡РєР° РІС…РѕРґР° РІ СЂР°СЃС€РёСЂРµРЅРёРё: client.commands.love
2024-05-12 09:25:27,899:ERROR:bot: РќРµ РЅР°Р№РґРµРЅР° С‚РѕС‡РєР° РІС…РѕРґР° РІ СЂР°СЃС€РёСЂРµРЅРёРё: client.baner.bandb
2024-05-12 09:28:44,896:ERROR:bot: РќРµ РЅР°Р№РґРµРЅР° С‚РѕС‡РєР° РІС…РѕРґР° РІ СЂР°СЃС€РёСЂРµРЅРёРё: client.commands.love
2024-05-12 09:28:44,981:ERROR:bot: РќРµ РЅР°Р№РґРµРЅР° С‚РѕС‡РєР° РІС…РѕРґР° РІ СЂР°СЃС€РёСЂРµРЅРёРё: client.baner.bandb
2024-05-12 09:29:54,920:ERROR:bot: РќРµ РЅР°Р№РґРµРЅР° С‚РѕС‡РєР° РІС…РѕРґР° РІ СЂР°СЃС€РёСЂРµРЅРёРё: client.commands.love
2024-05-12 09:29:55,028:ERROR:bot: РќРµ РЅР°Р№РґРµРЅР° С‚РѕС‡РєР° РІС…РѕРґР° РІ СЂР°СЃС€РёСЂРµРЅРёРё: client.baner.bandb
2024-05-13 22:49:32,132:ERROR:bot: РќРµ РЅР°Р№РґРµРЅР° С‚РѕС‡РєР° РІС…РѕРґР° РІ СЂР°СЃС€РёСЂРµРЅРёРё: client.commands.love
2024-05-13 22:50:18,928:ERROR:bot: РќРµ РЅР°Р№РґРµРЅР° С‚РѕС‡РєР° РІС…РѕРґР° РІ СЂР°СЃС€РёСЂРµРЅРёРё: client.commands.love
2024-05-13 22:50:33,907:ERROR:bot: РќРµ РЅР°Р№РґРµРЅР° С‚РѕС‡РєР° РІС…РѕРґР° РІ СЂР°СЃС€РёСЂРµРЅРёРё: client.commands.love
2024-05-13 22:51:22,861:ERROR:bot: РќРµ РЅР°Р№РґРµРЅР° С‚РѕС‡РєР° РІС…РѕРґР° РІ СЂР°СЃС€РёСЂРµРЅРёРё: client.commands.love
2024-05-14 05:29:07,958:ERROR:bot: РќРµ РЅР°Р№РґРµРЅР° С‚РѕС‡РєР° РІС…РѕРґР° РІ СЂР°СЃС€РёСЂРµРЅРёРё: client.commands.love
2024-05-14 05:29:07,959:ERROR:bot: Р Р°СЃС€РёСЂРµРЅРёРµ СѓР¶Рµ Р·Р°РіСЂСѓР¶РµРЅРѕ: client.commands.donate
2024-05-14 05:29:07,959:ERROR:bot: Р Р°СЃС€РёСЂРµРЅРёРµ СѓР¶Рµ Р·Р°РіСЂСѓР¶РµРЅРѕ: client.commands.rep
2024-05-14 05:29:07,959:ERROR:bot: Р Р°СЃС€РёСЂРµРЅРёРµ СѓР¶Рµ Р·Р°РіСЂСѓР¶РµРЅРѕ: client.commands.shop
2024-05-14 05:29:07,959:ERROR:bot: Р Р°СЃС€РёСЂРµРЅРёРµ СѓР¶Рµ Р·Р°РіСЂСѓР¶РµРЅРѕ: client.commands.top
2024-05-14 05:29:07,959:ERROR:bot: Р Р°СЃС€РёСЂРµРЅРёРµ СѓР¶Рµ Р·Р°РіСЂСѓР¶РµРЅРѕ: client.commands.timely
2024-05-14 05:29:07,959:ERROR:bot: Р Р°СЃС€РёСЂРµРЅРёРµ СѓР¶Рµ Р·Р°РіСЂСѓР¶РµРЅРѕ: client.commands.coinflip
2024-05-14 05:29:07,959:ERROR:bot: Р Р°СЃС€РёСЂРµРЅРёРµ СѓР¶Рµ Р·Р°РіСЂСѓР¶РµРЅРѕ: client.commands.display
2024-05-14 05:29:07,959:ERROR:bot: Р Р°СЃС€РёСЂРµРЅРёРµ СѓР¶Рµ Р·Р°РіСЂСѓР¶РµРЅРѕ: client.commands.inrole
2024-05-14 05:29:07,959:ERROR:bot: Р Р°СЃС€РёСЂРµРЅРёРµ СѓР¶Рµ Р·Р°РіСЂСѓР¶РµРЅРѕ: client.commands.casino
2024-05-14 05:29:07,959:ERROR:bot: Р Р°СЃС€РёСЂРµРЅРёРµ СѓР¶Рµ Р·Р°РіСЂСѓР¶РµРЅРѕ: client.commands.transacitons
2024-05-14 05:29:07,959:ERROR:bot: Р Р°СЃС€РёСЂРµРЅРёРµ СѓР¶Рµ Р·Р°РіСЂСѓР¶РµРЅРѕ: client.commands.duel
2024-05-14 05:29:07,959:ERROR:bot: Р Р°СЃС€РёСЂРµРЅРёРµ СѓР¶Рµ Р·Р°РіСЂСѓР¶РµРЅРѕ: client.commands.balance
2024-05-14 05:29:07,959:ERROR:bot: Р Р°СЃС€РёСЂРµРЅРёРµ СѓР¶Рµ Р·Р°РіСЂСѓР¶РµРЅРѕ: client.modules.private
2024-05-14 05:29:07,959:ERROR:bot: Р Р°СЃС€РёСЂРµРЅРёРµ СѓР¶Рµ Р·Р°РіСЂСѓР¶РµРЅРѕ: client.modules.role.role
2024-05-14 05:29:07,960:ERROR:bot: Р Р°СЃС€РёСЂРµРЅРёРµ СѓР¶Рµ Р·Р°РіСЂСѓР¶РµРЅРѕ: client.modules.role.manage
2024-05-14 05:29:07,960:ERROR:bot: Р Р°СЃС€РёСЂРµРЅРёРµ СѓР¶Рµ Р·Р°РіСЂСѓР¶РµРЅРѕ: client.modules.apanel.add_dostup
2024-05-14 05:29:07,960:ERROR:bot: Р Р°СЃС€РёСЂРµРЅРёРµ СѓР¶Рµ Р·Р°РіСЂСѓР¶РµРЅРѕ: client.modules.apanel.apanel
2024-05-14 05:29:07,960:ERROR:bot: Р Р°СЃС€РёСЂРµРЅРёРµ СѓР¶Рµ Р·Р°РіСЂСѓР¶РµРЅРѕ: client.modules.profiles.lprofile
2024-05-14 05:29:07,960:ERROR:bot: Р Р°СЃС€РёСЂРµРЅРёРµ СѓР¶Рµ Р·Р°РіСЂСѓР¶РµРЅРѕ: client.modules.profiles.profile
2024-05-14 05:29:07,960:ERROR:bot: Р Р°СЃС€РёСЂРµРЅРёРµ СѓР¶Рµ Р·Р°РіСЂСѓР¶РµРЅРѕ: client.modules.marry.love
2024-05-14 05:29:07,960:ERROR:bot: Р Р°СЃС€РёСЂРµРЅРёРµ СѓР¶Рµ Р·Р°РіСЂСѓР¶РµРЅРѕ: client.modules.marry.loveroom
2024-05-14 05:29:07,960:ERROR:bot: Р Р°СЃС€РёСЂРµРЅРёРµ СѓР¶Рµ Р·Р°РіСЂСѓР¶РµРЅРѕ: client.modules.online.message
2024-05-14 05:29:07,960:ERROR:bot: Р Р°СЃС€РёСЂРµРЅРёРµ СѓР¶Рµ Р·Р°РіСЂСѓР¶РµРЅРѕ: client.modules.online.online
2024-05-14 05:29:07,960:ERROR:bot: Р Р°СЃС€РёСЂРµРЅРёРµ СѓР¶Рµ Р·Р°РіСЂСѓР¶РµРЅРѕ: client.modules.dbb.asd
2024-05-14 05:29:07,960:ERROR:bot: Р Р°СЃС€РёСЂРµРЅРёРµ СѓР¶Рµ Р·Р°РіСЂСѓР¶РµРЅРѕ: client.developer.manage_task
2024-05-14 05:29:07,960:ERROR:bot: Р Р°СЃС€РёСЂРµРЅРёРµ СѓР¶Рµ Р·Р°РіСЂСѓР¶РµРЅРѕ: client.developer.developer
2024-05-14 05:31:31,096:ERROR:bot: РќРµ РЅР°Р№РґРµРЅР° С‚РѕС‡РєР° РІС…РѕРґР° РІ СЂР°СЃС€РёСЂРµРЅРёРё: client.commands.love
2024-05-14 05:31:31,098:ERROR:bot: Р Р°СЃС€РёСЂРµРЅРёРµ СѓР¶Рµ Р·Р°РіСЂСѓР¶РµРЅРѕ: client.commands.donate
2024-05-14 05:31:31,098:ERROR:bot: Р Р°СЃС€РёСЂРµРЅРёРµ СѓР¶Рµ Р·Р°РіСЂСѓР¶РµРЅРѕ: client.commands.rep
2024-05-14 05:31:31,098:ERROR:bot: Р Р°СЃС€РёСЂРµРЅРёРµ СѓР¶Рµ Р·Р°РіСЂСѓР¶РµРЅРѕ: client.commands.shop
2024-05-14 05:31:31,098:ERROR:bot: Р Р°СЃС€РёСЂРµРЅРёРµ СѓР¶Рµ Р·Р°РіСЂСѓР¶РµРЅРѕ: client.commands.top
2024-05-14 05:31:31,098:ERROR:bot: Р Р°СЃС€РёСЂРµРЅРёРµ СѓР¶Рµ Р·Р°РіСЂСѓР¶РµРЅРѕ: client.commands.timely
2024-05-14 05:31:31,098:ERROR:bot: Р Р°СЃС€РёСЂРµРЅРёРµ СѓР¶Рµ Р·Р°РіСЂСѓР¶РµРЅРѕ: client.commands.coinflip
2024-05-14 05:31:31,098:ERROR:bot: Р Р°СЃС€РёСЂРµРЅРёРµ СѓР¶Рµ Р·Р°РіСЂСѓР¶РµРЅРѕ: client.commands.display
2024-05-14 05:31:31,098:ERROR:bot: Р Р°СЃС€РёСЂРµРЅРёРµ СѓР¶Рµ Р·Р°РіСЂСѓР¶РµРЅРѕ: client.commands.inrole
2024-05-14 05:31:31,098:ERROR:bot: Р Р°СЃС€РёСЂРµРЅРёРµ СѓР¶Рµ Р·Р°РіСЂСѓР¶РµРЅРѕ: client.commands.casino
2024-05-14 05:31:31,098:ERROR:bot: Р Р°СЃС€РёСЂРµРЅРёРµ СѓР¶Рµ Р·Р°РіСЂСѓР¶РµРЅРѕ: client.commands.transacitons
2024-05-14 05:31:31,098:ERROR:bot: Р Р°СЃС€РёСЂРµРЅРёРµ СѓР¶Рµ Р·Р°РіСЂСѓР¶РµРЅРѕ: client.commands.duel
2024-05-14 05:31:31,098:ERROR:bot: Р Р°СЃС€РёСЂРµРЅРёРµ СѓР¶Рµ Р·Р°РіСЂСѓР¶РµРЅРѕ: client.commands.balance
2024-05-14 05:31:31,098:ERROR:bot: Р Р°СЃС€РёСЂРµРЅРёРµ СѓР¶Рµ Р·Р°РіСЂСѓР¶РµРЅРѕ: client.modules.private
2024-05-14 05:31:31,098:ERROR:bot: Р Р°СЃС€РёСЂРµРЅРёРµ СѓР¶Рµ Р·Р°РіСЂСѓР¶РµРЅРѕ: client.modules.role.role
2024-05-14 05:31:31,099:ERROR:bot: Р Р°СЃС€РёСЂРµРЅРёРµ СѓР¶Рµ Р·Р°РіСЂСѓР¶РµРЅРѕ: client.modules.role.manage
2024-05-14 05:31:31,099:ERROR:bot: Р Р°СЃС€РёСЂРµРЅРёРµ СѓР¶Рµ Р·Р°РіСЂСѓР¶РµРЅРѕ: client.modules.apanel.add_dostup
2024-05-14 05:31:31,099:ERROR:bot: Р Р°СЃС€РёСЂРµРЅРёРµ СѓР¶Рµ Р·Р°РіСЂСѓР¶РµРЅРѕ: client.modules.apanel.apanel
2024-05-14 05:31:31,099:ERROR:bot: Р Р°СЃС€РёСЂРµРЅРёРµ СѓР¶Рµ Р·Р°РіСЂСѓР¶РµРЅРѕ: client.modules.profiles.lprofile
2024-05-14 05:31:31,099:ERROR:bot: Р Р°СЃС€РёСЂРµРЅРёРµ СѓР¶Рµ Р·Р°РіСЂСѓР¶РµРЅРѕ: client.modules.profiles.profile
2024-05-14 05:31:31,099:ERROR:bot: Р Р°СЃС€РёСЂРµРЅРёРµ СѓР¶Рµ Р·Р°РіСЂСѓР¶РµРЅРѕ: client.modules.marry.love
2024-05-14 05:31:31,099:ERROR:bot: Р Р°СЃС€РёСЂРµРЅРёРµ СѓР¶Рµ Р·Р°РіСЂСѓР¶РµРЅРѕ: client.modules.marry.loveroom
2024-05-14 05:31:31,099:ERROR:bot: Р Р°СЃС€РёСЂРµРЅРёРµ СѓР¶Рµ Р·Р°РіСЂСѓР¶РµРЅРѕ: client.modules.online.message
2024-05-14 05:31:31,099:ERROR:bot: Р Р°СЃС€РёСЂРµРЅРёРµ СѓР¶Рµ Р·Р°РіСЂСѓР¶РµРЅРѕ: client.modules.online.online
2024-05-14 05:31:31,099:ERROR:bot: Р Р°СЃС€РёСЂРµРЅРёРµ СѓР¶Рµ Р·Р°РіСЂСѓР¶РµРЅРѕ: client.modules.dbb.asd
2024-05-14 05:31:31,099:ERROR:bot: Р Р°СЃС€РёСЂРµРЅРёРµ СѓР¶Рµ Р·Р°РіСЂСѓР¶РµРЅРѕ: client.developer.manage_task
2024-05-14 05:31:31,099:ERROR:bot: Р Р°СЃС€РёСЂРµРЅРёРµ СѓР¶Рµ Р·Р°РіСЂСѓР¶РµРЅРѕ: client.developer.developer
2024-05-14 15:19:21,770:ERROR:bot: РќРµ РЅР°Р№РґРµРЅР° С‚РѕС‡РєР° РІС…РѕРґР° РІ СЂР°СЃС€РёСЂРµРЅРёРё: client.commands.love
2024-05-14 22:38:02,539:ERROR:bot: РќРµ РЅР°Р№РґРµРЅР° С‚РѕС‡РєР° РІС…РѕРґР° РІ СЂР°СЃС€РёСЂРµРЅРёРё: client.commands.love
2024-05-14 22:38:02,539:ERROR:bot: Р Р°СЃС€РёСЂРµРЅРёРµ СѓР¶Рµ Р·Р°РіСЂСѓР¶РµРЅРѕ: client.commands.donate
2024-05-14 22:38:02,540:ERROR:bot: Р Р°СЃС€РёСЂРµРЅРёРµ СѓР¶Рµ Р·Р°РіСЂСѓР¶РµРЅРѕ: client.commands.rep
2024-05-14 22:38:02,540:ERROR:bot: Р Р°СЃС€РёСЂРµРЅРёРµ СѓР¶Рµ Р·Р°РіСЂСѓР¶РµРЅРѕ: client.commands.shop
2024-05-14 22:38:02,540:ERROR:bot: Р Р°СЃС€РёСЂРµРЅРёРµ СѓР¶Рµ Р·Р°РіСЂСѓР¶РµРЅРѕ: client.commands.top
2024-05-14 22:38:02,540:ERROR:bot: Р Р°СЃС€РёСЂРµРЅРёРµ СѓР¶Рµ Р·Р°РіСЂСѓР¶РµРЅРѕ: client.commands.timely
2024-05-14 22:38:02,540:ERROR:bot: Р Р°СЃС€РёСЂРµРЅРёРµ СѓР¶Рµ Р·Р°РіСЂСѓР¶РµРЅРѕ: client.commands.coinflip
2024-05-14 22:38:02,540:ERROR:bot: Р Р°СЃС€РёСЂРµРЅРёРµ СѓР¶Рµ Р·Р°РіСЂСѓР¶РµРЅРѕ: client.commands.display
2024-05-14 22:38:02,540:ERROR:bot: Р Р°СЃС€РёСЂРµРЅРёРµ СѓР¶Рµ Р·Р°РіСЂСѓР¶РµРЅРѕ: client.commands.inrole
2024-05-14 22:38:02,540:ERROR:bot: Р Р°СЃС€РёСЂРµРЅРёРµ СѓР¶Рµ Р·Р°РіСЂСѓР¶РµРЅРѕ: client.commands.casino
2024-05-14 22:38:02,540:ERROR:bot: Р Р°СЃС€РёСЂРµРЅРёРµ СѓР¶Рµ Р·Р°РіСЂСѓР¶РµРЅРѕ: client.commands.transacitons
2024-05-14 22:38:02,540:ERROR:bot: Р Р°СЃС€РёСЂРµРЅРёРµ СѓР¶Рµ Р·Р°РіСЂСѓР¶РµРЅРѕ: client.commands.duel
2024-05-14 22:38:02,540:ERROR:bot: Р Р°СЃС€РёСЂРµРЅРёРµ СѓР¶Рµ Р·Р°РіСЂСѓР¶РµРЅРѕ: client.commands.balance
2024-05-14 22:38:02,540:ERROR:bot: Р Р°СЃС€РёСЂРµРЅРёРµ СѓР¶Рµ Р·Р°РіСЂСѓР¶РµРЅРѕ: client.modules.private
2024-05-14 22:38:02,541:ERROR:bot: Р Р°СЃС€РёСЂРµРЅРёРµ СѓР¶Рµ Р·Р°РіСЂСѓР¶РµРЅРѕ: client.modules.role.role
2024-05-14 22:38:02,541:ERROR:bot: Р Р°СЃС€РёСЂРµРЅРёРµ СѓР¶Рµ Р·Р°РіСЂСѓР¶РµРЅРѕ: client.modules.role.manage
2024-05-14 22:38:02,541:ERROR:bot: Р Р°СЃС€РёСЂРµРЅРёРµ СѓР¶Рµ Р·Р°РіСЂСѓР¶РµРЅРѕ: client.modules.apanel.add_dostup
2024-05-14 22:38:02,541:ERROR:bot: Р Р°СЃС€РёСЂРµРЅРёРµ СѓР¶Рµ Р·Р°РіСЂСѓР¶РµРЅРѕ: client.modules.apanel.apanel
2024-05-14 22:38:02,541:ERROR:bot: Р Р°СЃС€РёСЂРµРЅРёРµ СѓР¶Рµ Р·Р°РіСЂСѓР¶РµРЅРѕ: client.modules.profiles.lprofile
2024-05-14 22:38:02,541:ERROR:bot: Р Р°СЃС€РёСЂРµРЅРёРµ СѓР¶Рµ Р·Р°РіСЂСѓР¶РµРЅРѕ: client.modules.profiles.profile
2024-05-14 22:38:02,541:ERROR:bot: Р Р°СЃС€РёСЂРµРЅРёРµ СѓР¶Рµ Р·Р°РіСЂСѓР¶РµРЅРѕ: client.modules.marry.love
2024-05-14 22:38:02,541:ERROR:bot: Р Р°СЃС€РёСЂРµРЅРёРµ СѓР¶Рµ Р·Р°РіСЂСѓР¶РµРЅРѕ: client.modules.marry.loveroom
2024-05-14 22:38:02,541:ERROR:bot: Р Р°СЃС€РёСЂРµРЅРёРµ СѓР¶Рµ Р·Р°РіСЂСѓР¶РµРЅРѕ: client.modules.online.message
2024-05-14 22:38:02,541:ERROR:bot: Р Р°СЃС€РёСЂРµРЅРёРµ СѓР¶Рµ Р·Р°РіСЂСѓР¶РµРЅРѕ: client.modules.online.online
2024-05-14 22:38:02,541:ERROR:bot: Р Р°СЃС€РёСЂРµРЅРёРµ СѓР¶Рµ Р·Р°РіСЂСѓР¶РµРЅРѕ: client.modules.dbb.asd
2024-05-14 22:38:02,541:ERROR:bot: Р Р°СЃС€РёСЂРµРЅРёРµ СѓР¶Рµ Р·Р°РіСЂСѓР¶РµРЅРѕ: client.developer.manage_task
2024-05-14 22:38:02,541:ERROR:bot: Р Р°СЃС€РёСЂРµРЅРёРµ СѓР¶Рµ Р·Р°РіСЂСѓР¶РµРЅРѕ: client.developer.developer
2024-05-25 15:05:25,573:ERROR:bot: РќРµ РЅР°Р№РґРµРЅР° С‚РѕС‡РєР° РІС…РѕРґР° РІ СЂР°СЃС€РёСЂРµРЅРёРё: client.commands.love
2024-05-25 15:29:37,426:ERROR:bot: РќРµ РЅР°Р№РґРµРЅР° С‚РѕС‡РєР° РІС…РѕРґР° РІ СЂР°СЃС€РёСЂРµРЅРёРё: client.commands.love
2024-05-25 15:32:48,080:ERROR:bot: РќРµ РЅР°Р№РґРµРЅР° С‚РѕС‡РєР° РІС…РѕРґР° РІ СЂР°СЃС€РёСЂРµРЅРёРё: client.commands.love
2024-05-25 16:10:36,226:ERROR:bot: РќРµ РЅР°Р№РґРµРЅР° С‚РѕС‡РєР° РІС…РѕРґР° РІ СЂР°СЃС€РёСЂРµРЅРёРё: client.commands.love
2024-05-25 16:10:59,297:ERROR:bot: РќРµ РЅР°Р№РґРµРЅР° С‚РѕС‡РєР° РІС…РѕРґР° РІ СЂР°СЃС€РёСЂРµРЅРёРё: client.commands.love
2024-05-25 16:15:27,184:ERROR:bot: РќРµ РЅР°Р№РґРµРЅР° С‚РѕС‡РєР° РІС…РѕРґР° РІ СЂР°СЃС€РёСЂРµРЅРёРё: client.commands.love
2024-05-25 16:17:04,321:ERROR:bot: РќРµ РЅР°Р№РґРµРЅР° С‚РѕС‡РєР° РІС…РѕРґР° РІ СЂР°СЃС€РёСЂРµРЅРёРё: client.commands.love
2024-05-25 16:17:48,074:ERROR:bot: РќРµ РЅР°Р№РґРµРЅР° С‚РѕС‡РєР° РІС…РѕРґР° РІ СЂР°СЃС€РёСЂРµРЅРёРё: client.commands.love
2024-05-29 05:58:13,118:ERROR:bot: Р Р°СЃС€РёСЂРµРЅРёРµ СѓР¶Рµ Р·Р°РіСЂСѓР¶РµРЅРѕ: client.commands.display
2024-05-29 05:58:13,120:ERROR:bot: Р Р°СЃС€РёСЂРµРЅРёРµ СѓР¶Рµ Р·Р°РіСЂСѓР¶РµРЅРѕ: client.commands.shop
2024-05-29 05:58:13,122:ERROR:bot: Р Р°СЃС€РёСЂРµРЅРёРµ СѓР¶Рµ Р·Р°РіСЂСѓР¶РµРЅРѕ: client.commands.transacitons
2024-05-29 05:58:13,123:ERROR:bot: Р Р°СЃС€РёСЂРµРЅРёРµ СѓР¶Рµ Р·Р°РіСЂСѓР¶РµРЅРѕ: client.commands.coinflip
2024-05-29 05:58:13,124:ERROR:bot: Р Р°СЃС€РёСЂРµРЅРёРµ СѓР¶Рµ Р·Р°РіСЂСѓР¶РµРЅРѕ: client.commands.duel
2024-05-29 05:58:13,126:ERROR:bot: Р Р°СЃС€РёСЂРµРЅРёРµ СѓР¶Рµ Р·Р°РіСЂСѓР¶РµРЅРѕ: client.commands.donate
2024-05-29 05:58:13,127:ERROR:bot: Р Р°СЃС€РёСЂРµРЅРёРµ СѓР¶Рµ Р·Р°РіСЂСѓР¶РµРЅРѕ: client.commands.timely
2024-05-29 05:58:13,127:ERROR:bot: Р Р°СЃС€РёСЂРµРЅРёРµ СѓР¶Рµ Р·Р°РіСЂСѓР¶РµРЅРѕ: client.commands.inrole
2024-05-29 05:58:13,128:ERROR:bot: Р Р°СЃС€РёСЂРµРЅРёРµ СѓР¶Рµ Р·Р°РіСЂСѓР¶РµРЅРѕ: client.commands.casino
2024-05-29 05:58:13,129:ERROR:bot: Р Р°СЃС€РёСЂРµРЅРёРµ СѓР¶Рµ Р·Р°РіСЂСѓР¶РµРЅРѕ: client.commands.top
2024-05-29 05:58:13,129:ERROR:bot: Р Р°СЃС€РёСЂРµРЅРёРµ СѓР¶Рµ Р·Р°РіСЂСѓР¶РµРЅРѕ: client.commands.balance
2024-05-29 05:58:13,130:ERROR:bot: Р Р°СЃС€РёСЂРµРЅРёРµ СѓР¶Рµ Р·Р°РіСЂСѓР¶РµРЅРѕ: client.commands.rep
2024-05-29 05:58:13,131:ERROR:bot: Р Р°СЃС€РёСЂРµРЅРёРµ СѓР¶Рµ Р·Р°РіСЂСѓР¶РµРЅРѕ: client.modules.private
2024-05-29 05:58:13,131:ERROR:bot: Р Р°СЃС€РёСЂРµРЅРёРµ СѓР¶Рµ Р·Р°РіСЂСѓР¶РµРЅРѕ: client.modules.apanel.apanel
2024-05-29 05:58:13,132:ERROR:bot: Р Р°СЃС€РёСЂРµРЅРёРµ СѓР¶Рµ Р·Р°РіСЂСѓР¶РµРЅРѕ: client.modules.apanel.add_dostup
2024-05-29 05:58:13,133:ERROR:bot: Р Р°СЃС€РёСЂРµРЅРёРµ СѓР¶Рµ Р·Р°РіСЂСѓР¶РµРЅРѕ: client.modules.role.role
2024-05-29 05:58:13,133:ERROR:bot: Р Р°СЃС€РёСЂРµРЅРёРµ СѓР¶Рµ Р·Р°РіСЂСѓР¶РµРЅРѕ: client.modules.role.manage
2024-05-29 05:58:13,134:ERROR:bot: Р Р°СЃС€РёСЂРµРЅРёРµ СѓР¶Рµ Р·Р°РіСЂСѓР¶РµРЅРѕ: client.modules.marry.loveroom
2024-05-29 05:58:13,134:ERROR:bot: Р Р°СЃС€РёСЂРµРЅРёРµ СѓР¶Рµ Р·Р°РіСЂСѓР¶РµРЅРѕ: client.modules.marry.love
2024-05-29 05:58:13,135:ERROR:bot: Р Р°СЃС€РёСЂРµРЅРёРµ СѓР¶Рµ Р·Р°РіСЂСѓР¶РµРЅРѕ: client.modules.dbb.asd
2024-05-29 05:58:13,136:ERROR:bot: Р Р°СЃС€РёСЂРµРЅРёРµ СѓР¶Рµ Р·Р°РіСЂСѓР¶РµРЅРѕ: client.modules.profiles.profile
2024-05-29 05:58:13,136:ERROR:bot: Р Р°СЃС€РёСЂРµРЅРёРµ СѓР¶Рµ Р·Р°РіСЂСѓР¶РµРЅРѕ: client.modules.profiles.lprofile
2024-05-29 05:58:13,137:ERROR:bot: Р Р°СЃС€РёСЂРµРЅРёРµ СѓР¶Рµ Р·Р°РіСЂСѓР¶РµРЅРѕ: client.modules.online.message
2024-05-29 05:58:13,138:ERROR:bot: Р Р°СЃС€РёСЂРµРЅРёРµ СѓР¶Рµ Р·Р°РіСЂСѓР¶РµРЅРѕ: client.modules.online.online
2024-05-29 05:58:13,138:ERROR:bot: Р Р°СЃС€РёСЂРµРЅРёРµ СѓР¶Рµ Р·Р°РіСЂСѓР¶РµРЅРѕ: client.developer.manage_task
2024-05-29 05:58:13,139:ERROR:bot: Р Р°СЃС€РёСЂРµРЅРёРµ СѓР¶Рµ Р·Р°РіСЂСѓР¶РµРЅРѕ: client.developer.developer
